[TRACE] Launching simulation browser...
[TRACE] Logging in...
[TRACE]
>>> SCANNING COURSE 0: 701 жғ…е ұв…Ў
[TRACE]   No rows attached. Checking if Enter key works...
[TRACE]   Successfully in 701 жғ…е ұв…Ў. Searching for videos...
[TRACE]   All videos in 701 жғ…е ұв…Ў are completed (or blacklisted).
[TRACE]
>>> SCANNING COURSE 1: 701 ж”ҝжІ»гғ»зөҢжёҲ
[TRACE]   Successfully in 701 ж”ҝжІ»гғ»зөҢжёҲ. Searching for videos...
[TRACE]   All videos in 701 ж”ҝжІ»гғ»зөҢжёҲ are completed (or blacklisted).
[TRACE]
>>> SCANNING COURSE 2: 701 ж–ҮеӯҰеӣҪиӘһ
[TRACE]   Successfully in 701 ж–ҮеӯҰеӣҪиӘһ. Searching for videos...
[TRACE]   All videos in 701 ж–ҮеӯҰеӣҪиӘһ are completed (or blacklisted).
[TRACE]
>>> SCANNING COURSE 3: 701 дё–з•ҢеҸІжҺўз©¶
[TRACE]   Successfully in 701 дё–з•ҢеҸІжҺўз©¶. Searching for videos...
[TRACE]   All videos in 701 дё–з•ҢеҸІжҺўз©¶ are completed (or blacklisted).
[TRACE]
>>> SCANNING COURSE 4: 701 ж–°з·Ёи«–зҗҶеӣҪиӘһ
[TRACE]   Successfully in 701 ж–°з·Ёи«–зҗҶеӣҪиӘһ. Searching for videos...
[TRACE]   All videos in 701 ж–°з·Ёи«–зҗҶеӣҪиӘһ are completed (or blacklisted).
[TRACE]
>>> SCANNING COURSE 5: 701 ж—Ҙжң¬еҸІжҺўз©¶
[TRACE]   Successfully in 701 ж—Ҙжң¬еҸІжҺўз©¶. Searching for videos...
[TRACE]   All videos in 701 ж—Ҙжң¬еҸІжҺўз©¶ are completed (or blacklisted).
[TRACE]
>>> SCANNING COURSE 6: 701 иӢұиӘһгӮігғҹгғҘгғӢгӮұгғјгӮ·гғ§гғів…Ў All Aboard English Communicationв…Ў
[TRACE]   Successfully in 701 иӢұиӘһгӮігғҹгғҘгғӢгӮұгғјгӮ·гғ§гғів…Ў All Aboard English Communicationв…Ў. Searching for videos...
[TRACE]   All videos in 701 иӢұиӘһгӮігғҹгғҘгғӢгӮұгғјгӮ·гғ§гғів…Ў All Aboard English Communicationв…Ў are completed (or blacklisted).
[TRACE]
>>> SCANNING COURSE 7: 701 зҸҫд»Јй«ҳзӯүдҝқеҒҘдҪ“иӮІ
[TRACE]   Successfully in 701 зҸҫд»Јй«ҳзӯүдҝқеҒҘдҪ“иӮІ. Searching for videos...
[TRACE]   All videos in 701 зҸҫд»Јй«ҳзӯүдҝқеҒҘдҪ“иӮІ are completed (or blacklisted).
[TRACE]
>>> SCANNING COURSE 8: зҸҫеӣҪ002-901 ж–°з·ЁзҸҫд»ЈгҒ®еӣҪиӘһ
[TRACE]   Successfully in зҸҫеӣҪ002-901 ж–°з·ЁзҸҫд»ЈгҒ®еӣҪиӘһ. Searching for videos...
[TRACE]   All videos in зҸҫеӣҪ002-901 ж–°з·ЁзҸҫд»ЈгҒ®еӣҪиӘһ are completed (or blacklisted).
[TRACE]
>>> SCANNING COURSE 9: иЁҖж–Ү002-901 ж–°з·ЁиЁҖиӘһж–ҮеҢ–
[TRACE]   Successfully in иЁҖж–Ү002-901 ж–°з·ЁиЁҖиӘһж–ҮеҢ–. Searching for videos...
[TRACE]   All videos in иЁҖж–Ү002-901 ж–°з·ЁиЁҖиӘһж–ҮеҢ– are completed (or blacklisted).
[TRACE]
>>> SCANNING COURSE 10: ең°з·Ҹ002-901 ең°зҗҶз·ҸеҗҲ
[TRACE]   Successfully in ең°з·Ҹ002-901 ең°зҗҶз·ҸеҗҲ. Searching for videos...
[TRACE]   All videos in ең°з·Ҹ002-901 ең°зҗҶз·ҸеҗҲ are completed (or blacklisted).
[TRACE]
>>> SCANNING COURSE 11: жӯҙз·Ҹ002-901 жӯҙеҸІз·ҸеҗҲ
[TRACE]   Successfully in жӯҙз·Ҹ002-901 жӯҙеҸІз·ҸеҗҲ. Searching for videos...
[TRACE]   All videos in жӯҙз·Ҹ002-901 жӯҙеҸІз·ҸеҗҲ are completed (or blacklisted).
[TRACE]
>>> SCANNING COURSE 12: е…¬е…ұ002-901 е…¬е…ұ
[TRACE]   Successfully in е…¬е…ұ002-901 е…¬е…ұ. Searching for videos...
[TRACE]   All videos in е…¬е…ұ002-901 е…¬е…ұ are completed (or blacklisted).
[TRACE]
>>> SCANNING COURSE 13: ж•°в… 002-905 ж”№иЁӮзүҲ ж–°ж•°еӯҰв… 
[TRACE]   Successfully in ж•°в… 002-905 ж”№иЁӮзүҲ ж–°ж•°еӯҰв… . Searching for videos...
[TRACE]   All videos in ж•°в… 002-905 ж”№иЁӮзүҲ ж–°ж•°еӯҰв…  are completed (or blacklisted).
[TRACE]
>>> SCANNING COURSE 14: ж•°A002-905 ж”№иЁӮзүҲ ж–°ж•°еӯҰA
[TRACE]   Successfully in ж•°A002-905 ж”№иЁӮзүҲ ж–°ж•°еӯҰA. Searching for videos...
[TRACE]   All videos in ж•°A002-905 ж”№иЁӮзүҲ ж–°ж•°еӯҰA are completed (or blacklisted).
[TRACE]
>>> SCANNING COURSE 15: з§‘дәә002-901 ж”№иЁӮ з§‘еӯҰгҒЁдәәй–“з”ҹжҙ»
[TRACE]   Successfully in з§‘дәә002-901 ж”№иЁӮ з§‘еӯҰгҒЁдәәй–“з”ҹжҙ». Searching for videos...
[TRACE]   All videos in з§‘дәә002-901 ж”№иЁӮ з§‘еӯҰгҒЁдәәй–“з”ҹжҙ» are completed (or blacklisted).
[TRACE]
>>> SCANNING COURSE 16: з”ҹеҹә002-902 ж”№иЁӮ ж–°з·Ёз”ҹзү©еҹәзӨҺ
[TRACE]   Successfully in з”ҹеҹә002-902 ж”№иЁӮ ж–°з·Ёз”ҹзү©еҹәзӨҺ. Searching for videos...
[TRACE]   All videos in з”ҹеҹә002-902 ж”№иЁӮ ж–°з·Ёз”ҹзү©еҹәзӨҺ are completed (or blacklisted).
[TRACE]
>>> SCANNING COURSE 17: жӣёв… 002-901 жӣёйҒ“в… 
[TRACE]   Successfully in жӣёв… 002-901 жӣёйҒ“в… . Searching for videos...
[TRACE]   All videos in жӣёв… 002-901 жӣёйҒ“в…  are completed (or blacklisted).
[TRACE]
>>> SCANNING COURSE 18: Cв… 002-901 All Aboard ! English Communicationв… Revised
[TRACE]   Successfully in Cв… 002-901 All Aboard ! English Communicationв… Revised. Searching for videos...
[TRACE]   All videos in Cв… 002-901 All Aboard ! English Communicationв… Revised are completed (or blacklisted).
[TRACE]
>>> SCANNING COURSE 19: и«–в… 002-901 NEW FAVORITE English Logic and Expressionв… Revised
[TRACE]   Successfully in и«–в… 002-901 NEW FAVORITE English Logic and Expressionв… Revised. Searching for videos...
[TRACE]   All videos in и«–в… 002-901 NEW FAVORITE English Logic and Expressionв… Revised are completed (or blacklisted).
[TRACE]
>>> SCANNING COURSE 20: е®¶з·Ҹ002-901 е®¶еәӯз·ҸеҗҲ
[TRACE]   Successfully in е®¶з·Ҹ002-901 е®¶еәӯз·ҸеҗҲ. Searching for videos...
[TRACE]   All videos in е®¶з·Ҹ002-901 е®¶еәӯз·ҸеҗҲ are completed (or blacklisted).
[TRACE]
>>> SCANNING COURSE 21: жғ…в… 002-901 ж–°з·Ёжғ…е ұв… 
[TRACE]   Successfully in жғ…в… 002-901 ж–°з·Ёжғ…е ұв… . Searching for videos...
[TRACE]   All videos in жғ…в… 002-901 ж–°з·Ёжғ…е ұв…  are completed (or blacklisted).
[TRACE]
>>> SCANNING COURSE 22: 050-901зҸҫд»Јй«ҳзӯүдҝқеҒҘдҪ“иӮІ ж”№иЁӮзүҲпјҸдҪ“иӮІе®ҹжҠҖ
[TRACE]   Successfully in 050-901зҸҫд»Јй«ҳзӯүдҝқеҒҘдҪ“иӮІ ж”№иЁӮзүҲпјҸдҪ“иӮІе®ҹжҠҖ. Searching for videos...
[TRACE]   All videos in 050-901зҸҫд»Јй«ҳзӯүдҝқеҒҘдҪ“иӮІ ж”№иЁӮзүҲпјҸдҪ“иӮІе®ҹжҠҖ are completed (or blacklisted).
[TRACE]
>>> SCANNING COURSE 23: 050-901 йҹіжҘҪв…  ж”№иЁӮзүҲ Tutti+
[TRACE]   Successfully in 050-901 йҹіжҘҪв…  ж”№иЁӮзүҲ Tutti+. Searching for videos...
[TRACE]   All videos in 050-901 йҹіжҘҪв…  ж”№иЁӮзүҲ Tutti+ are completed (or blacklisted).
[TRACE]
>>> SCANNING COURSE 24: 701 и«–зҗҶгғ»иЎЁзҸҫв…Ў NEW FAVORITE English Logic and Expression в…Ў
[TRACE]   Successfully in 701 и«–зҗҶгғ»иЎЁзҸҫв…Ў NEW FAVORITE English Logic and Expression в…Ў. Searching for videos...
[TRACE]   All videos in 701 и«–зҗҶгғ»иЎЁзҸҫв…Ў NEW FAVORITE English Logic and Expression в…Ў are completed (or blacklisted).
[TRACE] === MISSION COMPLETE: ALL VIDEOS FINISHED ===
Exception ignored in: <function BaseSubprocessTransport.__del__ at 0x7f6d13c68cc0>
Traceback (most recent call last):
  File "/home/jules/.pyenv/versions/3.12.13/lib/python3.12/asyncio/base_subprocess.py", line 126, in __del__
    self.close()
  File "/home/jules/.pyenv/versions/3.12.13/lib/python3.12/asyncio/base_subprocess.py", line 104, in close
    proto.pipe.close()
  File "/home/jules/.pyenv/versions/3.12.13/lib/python3.12/asyncio/unix_events.py", line 767, in close
    self.write_eof()
  File "/home/jules/.pyenv/versions/3.12.13/lib/python3.12/asyncio/unix_events.py", line 753, in write_eof
    self._loop.call_soon(self._call_connection_lost, None)
  File "/home/jules/.pyenv/versions/3.12.13/lib/python3.12/asyncio/base_events.py", line 799, in call_soon
    self._check_closed()
  File "/home/jules/.pyenv/versions/3.12.13/lib/python3.12/asyncio/base_events.py", line 545, in _check_closed
    raise RuntimeError('Event loop is closed')
RuntimeError: Event loop is closed
